<?xml version="1.0" encoding="UTF-8"?>
<testng-results ignored="0" total="35" passed="28" failed="7" skipped="0">
  <reporter-output>
  </reporter-output>
  <suite started-at="2020-09-01T18:56:23Z" name="Default suite" finished-at="2020-09-01T23:41:42Z" duration-ms="17119366">
    <groups>
    </groups>
    <test started-at="2020-09-01T18:56:23Z" name="Default test" finished-at="2020-09-01T23:41:42Z" duration-ms="17119366">
      <class name="FSmokeSuit.FSmokeSuit.AutomationDriver">
        <test-method signature="AutomationDriverExecution(FSmokeSuit.FSmokeSuit.LoadManager)[pri:0, instance:FSmokeSuit.FSmokeSuit.AutomationDriver@2b6856dd]" started-at="2020-09-01T18:56:28Z" name="AutomationDriverExecution" data-provider="SmokeData" finished-at="2020-09-01T19:08:10Z" duration-ms="702112" status="PASS">
          <params>
            <param index="0">
              <value>
                <![CDATA[FSmokeSuit.FSmokeSuit.LoadManager@f99f5e0]]>
              </value>
            </param>
          </params>
          <reporter-output>
          </reporter-output>
        </test-method> <!-- AutomationDriverExecution -->
        <test-method signature="AutomationDriverExecution(FSmokeSuit.FSmokeSuit.LoadManager)[pri:0, instance:FSmokeSuit.FSmokeSuit.AutomationDriver@2b6856dd]" started-at="2020-09-01T19:08:10Z" name="AutomationDriverExecution" data-provider="SmokeData" finished-at="2020-09-01T19:18:15Z" duration-ms="605057" status="PASS">
          <params>
            <param index="0">
              <value>
                <![CDATA[FSmokeSuit.FSmokeSuit.LoadManager@72bce309]]>
              </value>
            </param>
          </params>
          <reporter-output>
          </reporter-output>
        </test-method> <!-- AutomationDriverExecution -->
        <test-method signature="AutomationDriverExecution(FSmokeSuit.FSmokeSuit.LoadManager)[pri:0, instance:FSmokeSuit.FSmokeSuit.AutomationDriver@2b6856dd]" started-at="2020-09-01T19:18:15Z" name="AutomationDriverExecution" data-provider="SmokeData" finished-at="2020-09-01T19:29:27Z" duration-ms="671807" status="PASS">
          <params>
            <param index="0">
              <value>
                <![CDATA[FSmokeSuit.FSmokeSuit.LoadManager@307cf289]]>
              </value>
            </param>
          </params>
          <reporter-output>
          </reporter-output>
        </test-method> <!-- AutomationDriverExecution -->
        <test-method signature="AutomationDriverExecution(FSmokeSuit.FSmokeSuit.LoadManager)[pri:0, instance:FSmokeSuit.FSmokeSuit.AutomationDriver@2b6856dd]" started-at="2020-09-01T19:29:27Z" name="AutomationDriverExecution" data-provider="SmokeData" finished-at="2020-09-01T19:38:30Z" duration-ms="542902" status="PASS">
          <params>
            <param index="0">
              <value>
                <![CDATA[FSmokeSuit.FSmokeSuit.LoadManager@348a2f49]]>
              </value>
            </param>
          </params>
          <reporter-output>
          </reporter-output>
        </test-method> <!-- AutomationDriverExecution -->
        <test-method signature="AutomationDriverExecution(FSmokeSuit.FSmokeSuit.LoadManager)[pri:0, instance:FSmokeSuit.FSmokeSuit.AutomationDriver@2b6856dd]" started-at="2020-09-01T19:38:30Z" name="AutomationDriverExecution" data-provider="SmokeData" finished-at="2020-09-01T19:48:22Z" duration-ms="592494" status="PASS">
          <params>
            <param index="0">
              <value>
                <![CDATA[FSmokeSuit.FSmokeSuit.LoadManager@27a11b5b]]>
              </value>
            </param>
          </params>
          <reporter-output>
          </reporter-output>
        </test-method> <!-- AutomationDriverExecution -->
        <test-method signature="AutomationDriverExecution(FSmokeSuit.FSmokeSuit.LoadManager)[pri:0, instance:FSmokeSuit.FSmokeSuit.AutomationDriver@2b6856dd]" started-at="2020-09-01T19:48:22Z" name="AutomationDriverExecution" data-provider="SmokeData" finished-at="2020-09-01T19:56:19Z" duration-ms="476875" status="PASS">
          <params>
            <param index="0">
              <value>
                <![CDATA[FSmokeSuit.FSmokeSuit.LoadManager@7f7269f8]]>
              </value>
            </param>
          </params>
          <reporter-output>
          </reporter-output>
        </test-method> <!-- AutomationDriverExecution -->
        <test-method signature="AutomationDriverExecution(FSmokeSuit.FSmokeSuit.LoadManager)[pri:0, instance:FSmokeSuit.FSmokeSuit.AutomationDriver@2b6856dd]" started-at="2020-09-01T19:56:19Z" name="AutomationDriverExecution" data-provider="SmokeData" finished-at="2020-09-01T20:03:58Z" duration-ms="458920" status="FAIL">
          <params>
            <param index="0">
              <value>
                <![CDATA[FSmokeSuit.FSmokeSuit.LoadManager@4e69cf87]]>
              </value>
            </param>
          </params>
          <exception class="org.openqa.selenium.NoSuchSessionException">
            <message>
              <![CDATA[invalid session id
Build info: version: '3.141.59', revision: 'e82be7d358', time: '2018-11-14T08:17:03'
System info: host: 'PMAM-0209', ip: '10.10.0.209', os.name: 'Windows 10', os.arch: 'amd64', os.version: '10.0', java.version: '13.0.2'
Driver info: org.openqa.selenium.chrome.ChromeDriver
Capabilities {acceptInsecureCerts: false, browserName: chrome, browserVersion: 84.0.4147.135, chrome: {chromedriverVersion: 83.0.4103.39 (ccbf011cb2d2b..., userDataDir: C:\Users\SIDDHA~1\AppData\L...}, goog:chromeOptions: {debuggerAddress: localhost:64588}, javascriptEnabled: true, networkConnectionEnabled: false, pageLoadStrategy: normal, platform: WINDOWS, platformName: WINDOWS, proxy: Proxy(), setWindowRect: true, strictFileInteractability: false, timeouts: {implicit: 0, pageLoad: 300000, script: 30000}, unhandledPromptBehavior: dismiss and notify, webauthn:virtualAuthenticators: true}
Session ID: e0cb114499e3af61a07a0320fff81622]]>
            </message>
            <full-stacktrace>
              <![CDATA[org.openqa.selenium.NoSuchSessionException: invalid session id
Build info: version: '3.141.59', revision: 'e82be7d358', time: '2018-11-14T08:17:03'
System info: host: 'PMAM-0209', ip: '10.10.0.209', os.name: 'Windows 10', os.arch: 'amd64', os.version: '10.0', java.version: '13.0.2'
Driver info: org.openqa.selenium.chrome.ChromeDriver
Capabilities {acceptInsecureCerts: false, browserName: chrome, browserVersion: 84.0.4147.135, chrome: {chromedriverVersion: 83.0.4103.39 (ccbf011cb2d2b..., userDataDir: C:\Users\SIDDHA~1\AppData\L...}, goog:chromeOptions: {debuggerAddress: localhost:64588}, javascriptEnabled: true, networkConnectionEnabled: false, pageLoadStrategy: normal, platform: WINDOWS, platformName: WINDOWS, proxy: Proxy(), setWindowRect: true, strictFileInteractability: false, timeouts: {implicit: 0, pageLoad: 300000, script: 30000}, unhandledPromptBehavior: dismiss and notify, webauthn:virtualAuthenticators: true}
Session ID: e0cb114499e3af61a07a0320fff81622
at java.base/jdk.internal.reflect.NativeConstructorAccessorImpl.newInstance0(Native Method)
at java.base/jdk.internal.reflect.NativeConstructorAccessorImpl.newInstance(NativeConstructorAccessorImpl.java:62)
at java.base/jdk.internal.reflect.DelegatingConstructorAccessorImpl.newInstance(DelegatingConstructorAccessorImpl.java:45)
at java.base/java.lang.reflect.Constructor.newInstanceWithCaller(Constructor.java:500)
at java.base/java.lang.reflect.Constructor.newInstance(Constructor.java:481)
at org.openqa.selenium.remote.http.W3CHttpResponseCodec.createException(W3CHttpResponseCodec.java:187)
at org.openqa.selenium.remote.http.W3CHttpResponseCodec.decode(W3CHttpResponseCodec.java:122)
at org.openqa.selenium.remote.http.W3CHttpResponseCodec.decode(W3CHttpResponseCodec.java:49)
at org.openqa.selenium.remote.HttpCommandExecutor.execute(HttpCommandExecutor.java:158)
at org.openqa.selenium.remote.service.DriverCommandExecutor.execute(DriverCommandExecutor.java:83)
at org.openqa.selenium.remote.RemoteWebDriver.execute(RemoteWebDriver.java:552)
at org.openqa.selenium.remote.RemoteWebDriver.execute(RemoteWebDriver.java:609)
at org.openqa.selenium.remote.RemoteWebDriver.close(RemoteWebDriver.java:442)
at FSmokeSuit.FSmokeSuit.AutomationDriver.AutomationDriverExecution(AutomationDriver.java:263)
at java.base/jdk.internal.reflect.NativeMethodAccessorImpl.invoke0(Native Method)
at java.base/jdk.internal.reflect.NativeMethodAccessorImpl.invoke(NativeMethodAccessorImpl.java:62)
at java.base/jdk.internal.reflect.DelegatingMethodAccessorImpl.invoke(DelegatingMethodAccessorImpl.java:43)
at java.base/java.lang.reflect.Method.invoke(Method.java:567)
at org.testng.internal.MethodInvocationHelper.invokeMethod(MethodInvocationHelper.java:124)
at org.testng.internal.Invoker.invokeMethod(Invoker.java:583)
at org.testng.internal.Invoker.invokeTestMethod(Invoker.java:719)
at org.testng.internal.Invoker.invokeTestMethods(Invoker.java:989)
at org.testng.internal.TestMethodWorker.invokeTestMethods(TestMethodWorker.java:125)
at org.testng.internal.TestMethodWorker.run(TestMethodWorker.java:109)
at org.testng.TestRunner.privateRun(TestRunner.java:648)
at org.testng.TestRunner.run(TestRunner.java:505)
at org.testng.SuiteRunner.runTest(SuiteRunner.java:455)
at org.testng.SuiteRunner.runSequentially(SuiteRunner.java:450)
at org.testng.SuiteRunner.privateRun(SuiteRunner.java:415)
at org.testng.SuiteRunner.run(SuiteRunner.java:364)
at org.testng.SuiteRunnerWorker.runSuite(SuiteRunnerWorker.java:52)
at org.testng.SuiteRunnerWorker.run(SuiteRunnerWorker.java:84)
at org.testng.TestNG.runSuitesSequentially(TestNG.java:1208)
at org.testng.TestNG.runSuitesLocally(TestNG.java:1137)
at org.testng.TestNG.runSuites(TestNG.java:1049)
at org.testng.TestNG.run(TestNG.java:1017)
at org.testng.remote.AbstractRemoteTestNG.run(AbstractRemoteTestNG.java:115)
at org.testng.remote.RemoteTestNG.initAndRun(RemoteTestNG.java:251)
at org.testng.remote.RemoteTestNG.main(RemoteTestNG.java:77)
]]>
            </full-stacktrace>
          </exception> <!-- org.openqa.selenium.NoSuchSessionException -->
          <reporter-output>
          </reporter-output>
        </test-method> <!-- AutomationDriverExecution -->
        <test-method signature="AutomationDriverExecution(FSmokeSuit.FSmokeSuit.LoadManager)[pri:0, instance:FSmokeSuit.FSmokeSuit.AutomationDriver@2b6856dd]" started-at="2020-09-01T20:03:58Z" name="AutomationDriverExecution" data-provider="SmokeData" finished-at="2020-09-01T20:12:38Z" duration-ms="520401" status="PASS">
          <params>
            <param index="0">
              <value>
                <![CDATA[FSmokeSuit.FSmokeSuit.LoadManager@297d00c6]]>
              </value>
            </param>
          </params>
          <reporter-output>
          </reporter-output>
        </test-method> <!-- AutomationDriverExecution -->
        <test-method signature="AutomationDriverExecution(FSmokeSuit.FSmokeSuit.LoadManager)[pri:0, instance:FSmokeSuit.FSmokeSuit.AutomationDriver@2b6856dd]" started-at="2020-09-01T20:12:38Z" name="AutomationDriverExecution" data-provider="SmokeData" finished-at="2020-09-01T20:21:47Z" duration-ms="548549" status="PASS">
          <params>
            <param index="0">
              <value>
                <![CDATA[FSmokeSuit.FSmokeSuit.LoadManager@321b4b03]]>
              </value>
            </param>
          </params>
          <reporter-output>
          </reporter-output>
        </test-method> <!-- AutomationDriverExecution -->
        <test-method signature="AutomationDriverExecution(FSmokeSuit.FSmokeSuit.LoadManager)[pri:0, instance:FSmokeSuit.FSmokeSuit.AutomationDriver@2b6856dd]" started-at="2020-09-01T20:21:47Z" name="AutomationDriverExecution" data-provider="SmokeData" finished-at="2020-09-01T20:29:41Z" duration-ms="474344" status="PASS">
          <params>
            <param index="0">
              <value>
                <![CDATA[FSmokeSuit.FSmokeSuit.LoadManager@7a81d6e3]]>
              </value>
            </param>
          </params>
          <reporter-output>
          </reporter-output>
        </test-method> <!-- AutomationDriverExecution -->
        <test-method signature="AutomationDriverExecution(FSmokeSuit.FSmokeSuit.LoadManager)[pri:0, instance:FSmokeSuit.FSmokeSuit.AutomationDriver@2b6856dd]" started-at="2020-09-01T20:29:41Z" name="AutomationDriverExecution" data-provider="SmokeData" finished-at="2020-09-01T20:34:33Z" duration-ms="292160" status="FAIL">
          <params>
            <param index="0">
              <value>
                <![CDATA[FSmokeSuit.FSmokeSuit.LoadManager@200b2711]]>
              </value>
            </param>
          </params>
          <exception class="org.openqa.selenium.NoSuchSessionException">
            <message>
              <![CDATA[invalid session id
Build info: version: '3.141.59', revision: 'e82be7d358', time: '2018-11-14T08:17:03'
System info: host: 'PMAM-0209', ip: '10.10.0.209', os.name: 'Windows 10', os.arch: 'amd64', os.version: '10.0', java.version: '13.0.2'
Driver info: org.openqa.selenium.chrome.ChromeDriver
Capabilities {acceptInsecureCerts: false, browserName: chrome, browserVersion: 84.0.4147.135, chrome: {chromedriverVersion: 83.0.4103.39 (ccbf011cb2d2b..., userDataDir: C:\Users\SIDDHA~1\AppData\L...}, goog:chromeOptions: {debuggerAddress: localhost:64918}, javascriptEnabled: true, networkConnectionEnabled: false, pageLoadStrategy: normal, platform: WINDOWS, platformName: WINDOWS, proxy: Proxy(), setWindowRect: true, strictFileInteractability: false, timeouts: {implicit: 0, pageLoad: 300000, script: 30000}, unhandledPromptBehavior: dismiss and notify, webauthn:virtualAuthenticators: true}
Session ID: d1dbe10c291f15748e39861f38d44b06]]>
            </message>
            <full-stacktrace>
              <![CDATA[org.openqa.selenium.NoSuchSessionException: invalid session id
Build info: version: '3.141.59', revision: 'e82be7d358', time: '2018-11-14T08:17:03'
System info: host: 'PMAM-0209', ip: '10.10.0.209', os.name: 'Windows 10', os.arch: 'amd64', os.version: '10.0', java.version: '13.0.2'
Driver info: org.openqa.selenium.chrome.ChromeDriver
Capabilities {acceptInsecureCerts: false, browserName: chrome, browserVersion: 84.0.4147.135, chrome: {chromedriverVersion: 83.0.4103.39 (ccbf011cb2d2b..., userDataDir: C:\Users\SIDDHA~1\AppData\L...}, goog:chromeOptions: {debuggerAddress: localhost:64918}, javascriptEnabled: true, networkConnectionEnabled: false, pageLoadStrategy: normal, platform: WINDOWS, platformName: WINDOWS, proxy: Proxy(), setWindowRect: true, strictFileInteractability: false, timeouts: {implicit: 0, pageLoad: 300000, script: 30000}, unhandledPromptBehavior: dismiss and notify, webauthn:virtualAuthenticators: true}
Session ID: d1dbe10c291f15748e39861f38d44b06
at java.base/jdk.internal.reflect.NativeConstructorAccessorImpl.newInstance0(Native Method)
at java.base/jdk.internal.reflect.NativeConstructorAccessorImpl.newInstance(NativeConstructorAccessorImpl.java:62)
at java.base/jdk.internal.reflect.DelegatingConstructorAccessorImpl.newInstance(DelegatingConstructorAccessorImpl.java:45)
at java.base/java.lang.reflect.Constructor.newInstanceWithCaller(Constructor.java:500)
at java.base/java.lang.reflect.Constructor.newInstance(Constructor.java:481)
at org.openqa.selenium.remote.http.W3CHttpResponseCodec.createException(W3CHttpResponseCodec.java:187)
at org.openqa.selenium.remote.http.W3CHttpResponseCodec.decode(W3CHttpResponseCodec.java:122)
at org.openqa.selenium.remote.http.W3CHttpResponseCodec.decode(W3CHttpResponseCodec.java:49)
at org.openqa.selenium.remote.HttpCommandExecutor.execute(HttpCommandExecutor.java:158)
at org.openqa.selenium.remote.service.DriverCommandExecutor.execute(DriverCommandExecutor.java:83)
at org.openqa.selenium.remote.RemoteWebDriver.execute(RemoteWebDriver.java:552)
at org.openqa.selenium.remote.RemoteWebDriver.execute(RemoteWebDriver.java:609)
at org.openqa.selenium.remote.RemoteWebDriver.close(RemoteWebDriver.java:442)
at FSmokeSuit.FSmokeSuit.AutomationDriver.AutomationDriverExecution(AutomationDriver.java:263)
at java.base/jdk.internal.reflect.NativeMethodAccessorImpl.invoke0(Native Method)
at java.base/jdk.internal.reflect.NativeMethodAccessorImpl.invoke(NativeMethodAccessorImpl.java:62)
at java.base/jdk.internal.reflect.DelegatingMethodAccessorImpl.invoke(DelegatingMethodAccessorImpl.java:43)
at java.base/java.lang.reflect.Method.invoke(Method.java:567)
at org.testng.internal.MethodInvocationHelper.invokeMethod(MethodInvocationHelper.java:124)
at org.testng.internal.Invoker.invokeMethod(Invoker.java:583)
at org.testng.internal.Invoker.invokeTestMethod(Invoker.java:719)
at org.testng.internal.Invoker.invokeTestMethods(Invoker.java:989)
at org.testng.internal.TestMethodWorker.invokeTestMethods(TestMethodWorker.java:125)
at org.testng.internal.TestMethodWorker.run(TestMethodWorker.java:109)
at org.testng.TestRunner.privateRun(TestRunner.java:648)
at org.testng.TestRunner.run(TestRunner.java:505)
at org.testng.SuiteRunner.runTest(SuiteRunner.java:455)
at org.testng.SuiteRunner.runSequentially(SuiteRunner.java:450)
at org.testng.SuiteRunner.privateRun(SuiteRunner.java:415)
at org.testng.SuiteRunner.run(SuiteRunner.java:364)
at org.testng.SuiteRunnerWorker.runSuite(SuiteRunnerWorker.java:52)
at org.testng.SuiteRunnerWorker.run(SuiteRunnerWorker.java:84)
at org.testng.TestNG.runSuitesSequentially(TestNG.java:1208)
at org.testng.TestNG.runSuitesLocally(TestNG.java:1137)
at org.testng.TestNG.runSuites(TestNG.java:1049)
at org.testng.TestNG.run(TestNG.java:1017)
at org.testng.remote.AbstractRemoteTestNG.run(AbstractRemoteTestNG.java:115)
at org.testng.remote.RemoteTestNG.initAndRun(RemoteTestNG.java:251)
at org.testng.remote.RemoteTestNG.main(RemoteTestNG.java:77)
]]>
            </full-stacktrace>
          </exception> <!-- org.openqa.selenium.NoSuchSessionException -->
          <reporter-output>
          </reporter-output>
        </test-method> <!-- AutomationDriverExecution -->
        <test-method signature="AutomationDriverExecution(FSmokeSuit.FSmokeSuit.LoadManager)[pri:0, instance:FSmokeSuit.FSmokeSuit.AutomationDriver@2b6856dd]" started-at="2020-09-01T20:34:33Z" name="AutomationDriverExecution" data-provider="SmokeData" finished-at="2020-09-01T20:43:37Z" duration-ms="543390" status="PASS">
          <params>
            <param index="0">
              <value>
                <![CDATA[FSmokeSuit.FSmokeSuit.LoadManager@33e1e013]]>
              </value>
            </param>
          </params>
          <reporter-output>
          </reporter-output>
        </test-method> <!-- AutomationDriverExecution -->
        <test-method signature="AutomationDriverExecution(FSmokeSuit.FSmokeSuit.LoadManager)[pri:0, instance:FSmokeSuit.FSmokeSuit.AutomationDriver@2b6856dd]" started-at="2020-09-01T20:43:37Z" name="AutomationDriverExecution" data-provider="SmokeData" finished-at="2020-09-01T20:52:54Z" duration-ms="556940" status="PASS">
          <params>
            <param index="0">
              <value>
                <![CDATA[FSmokeSuit.FSmokeSuit.LoadManager@102dcebf]]>
              </value>
            </param>
          </params>
          <reporter-output>
          </reporter-output>
        </test-method> <!-- AutomationDriverExecution -->
        <test-method signature="AutomationDriverExecution(FSmokeSuit.FSmokeSuit.LoadManager)[pri:0, instance:FSmokeSuit.FSmokeSuit.AutomationDriver@2b6856dd]" started-at="2020-09-01T20:52:54Z" name="AutomationDriverExecution" data-provider="SmokeData" finished-at="2020-09-01T21:01:17Z" duration-ms="503604" status="PASS">
          <params>
            <param index="0">
              <value>
                <![CDATA[FSmokeSuit.FSmokeSuit.LoadManager@73882482]]>
              </value>
            </param>
          </params>
          <reporter-output>
          </reporter-output>
        </test-method> <!-- AutomationDriverExecution -->
        <test-method signature="AutomationDriverExecution(FSmokeSuit.FSmokeSuit.LoadManager)[pri:0, instance:FSmokeSuit.FSmokeSuit.AutomationDriver@2b6856dd]" started-at="2020-09-01T21:01:17Z" name="AutomationDriverExecution" data-provider="SmokeData" finished-at="2020-09-01T21:10:25Z" duration-ms="547331" status="PASS">
          <params>
            <param index="0">
              <value>
                <![CDATA[FSmokeSuit.FSmokeSuit.LoadManager@6b6d0ac2]]>
              </value>
            </param>
          </params>
          <reporter-output>
          </reporter-output>
        </test-method> <!-- AutomationDriverExecution -->
        <test-method signature="AutomationDriverExecution(FSmokeSuit.FSmokeSuit.LoadManager)[pri:0, instance:FSmokeSuit.FSmokeSuit.AutomationDriver@2b6856dd]" started-at="2020-09-01T21:10:25Z" name="AutomationDriverExecution" data-provider="SmokeData" finished-at="2020-09-01T21:14:31Z" duration-ms="246699" status="FAIL">
          <params>
            <param index="0">
              <value>
                <![CDATA[FSmokeSuit.FSmokeSuit.LoadManager@6abafb0]]>
              </value>
            </param>
          </params>
          <exception class="org.openqa.selenium.NoSuchSessionException">
            <message>
              <![CDATA[invalid session id
Build info: version: '3.141.59', revision: 'e82be7d358', time: '2018-11-14T08:17:03'
System info: host: 'PMAM-0209', ip: '10.10.0.209', os.name: 'Windows 10', os.arch: 'amd64', os.version: '10.0', java.version: '13.0.2'
Driver info: org.openqa.selenium.chrome.ChromeDriver
Capabilities {acceptInsecureCerts: false, browserName: chrome, browserVersion: 84.0.4147.135, chrome: {chromedriverVersion: 83.0.4103.39 (ccbf011cb2d2b..., userDataDir: C:\Users\SIDDHA~1\AppData\L...}, goog:chromeOptions: {debuggerAddress: localhost:65069}, javascriptEnabled: true, networkConnectionEnabled: false, pageLoadStrategy: normal, platform: WINDOWS, platformName: WINDOWS, proxy: Proxy(), setWindowRect: true, strictFileInteractability: false, timeouts: {implicit: 0, pageLoad: 300000, script: 30000}, unhandledPromptBehavior: dismiss and notify, webauthn:virtualAuthenticators: true}
Session ID: 697f78e4775c95204e07b9c5c83a5ae0]]>
            </message>
            <full-stacktrace>
              <![CDATA[org.openqa.selenium.NoSuchSessionException: invalid session id
Build info: version: '3.141.59', revision: 'e82be7d358', time: '2018-11-14T08:17:03'
System info: host: 'PMAM-0209', ip: '10.10.0.209', os.name: 'Windows 10', os.arch: 'amd64', os.version: '10.0', java.version: '13.0.2'
Driver info: org.openqa.selenium.chrome.ChromeDriver
Capabilities {acceptInsecureCerts: false, browserName: chrome, browserVersion: 84.0.4147.135, chrome: {chromedriverVersion: 83.0.4103.39 (ccbf011cb2d2b..., userDataDir: C:\Users\SIDDHA~1\AppData\L...}, goog:chromeOptions: {debuggerAddress: localhost:65069}, javascriptEnabled: true, networkConnectionEnabled: false, pageLoadStrategy: normal, platform: WINDOWS, platformName: WINDOWS, proxy: Proxy(), setWindowRect: true, strictFileInteractability: false, timeouts: {implicit: 0, pageLoad: 300000, script: 30000}, unhandledPromptBehavior: dismiss and notify, webauthn:virtualAuthenticators: true}
Session ID: 697f78e4775c95204e07b9c5c83a5ae0
at java.base/jdk.internal.reflect.NativeConstructorAccessorImpl.newInstance0(Native Method)
at java.base/jdk.internal.reflect.NativeConstructorAccessorImpl.newInstance(NativeConstructorAccessorImpl.java:62)
at java.base/jdk.internal.reflect.DelegatingConstructorAccessorImpl.newInstance(DelegatingConstructorAccessorImpl.java:45)
at java.base/java.lang.reflect.Constructor.newInstanceWithCaller(Constructor.java:500)
at java.base/java.lang.reflect.Constructor.newInstance(Constructor.java:481)
at org.openqa.selenium.remote.http.W3CHttpResponseCodec.createException(W3CHttpResponseCodec.java:187)
at org.openqa.selenium.remote.http.W3CHttpResponseCodec.decode(W3CHttpResponseCodec.java:122)
at org.openqa.selenium.remote.http.W3CHttpResponseCodec.decode(W3CHttpResponseCodec.java:49)
at org.openqa.selenium.remote.HttpCommandExecutor.execute(HttpCommandExecutor.java:158)
at org.openqa.selenium.remote.service.DriverCommandExecutor.execute(DriverCommandExecutor.java:83)
at org.openqa.selenium.remote.RemoteWebDriver.execute(RemoteWebDriver.java:552)
at org.openqa.selenium.remote.RemoteWebDriver.execute(RemoteWebDriver.java:609)
at org.openqa.selenium.remote.RemoteWebDriver.close(RemoteWebDriver.java:442)
at FSmokeSuit.FSmokeSuit.AutomationDriver.AutomationDriverExecution(AutomationDriver.java:263)
at java.base/jdk.internal.reflect.NativeMethodAccessorImpl.invoke0(Native Method)
at java.base/jdk.internal.reflect.NativeMethodAccessorImpl.invoke(NativeMethodAccessorImpl.java:62)
at java.base/jdk.internal.reflect.DelegatingMethodAccessorImpl.invoke(DelegatingMethodAccessorImpl.java:43)
at java.base/java.lang.reflect.Method.invoke(Method.java:567)
at org.testng.internal.MethodInvocationHelper.invokeMethod(MethodInvocationHelper.java:124)
at org.testng.internal.Invoker.invokeMethod(Invoker.java:583)
at org.testng.internal.Invoker.invokeTestMethod(Invoker.java:719)
at org.testng.internal.Invoker.invokeTestMethods(Invoker.java:989)
at org.testng.internal.TestMethodWorker.invokeTestMethods(TestMethodWorker.java:125)
at org.testng.internal.TestMethodWorker.run(TestMethodWorker.java:109)
at org.testng.TestRunner.privateRun(TestRunner.java:648)
at org.testng.TestRunner.run(TestRunner.java:505)
at org.testng.SuiteRunner.runTest(SuiteRunner.java:455)
at org.testng.SuiteRunner.runSequentially(SuiteRunner.java:450)
at org.testng.SuiteRunner.privateRun(SuiteRunner.java:415)
at org.testng.SuiteRunner.run(SuiteRunner.java:364)
at org.testng.SuiteRunnerWorker.runSuite(SuiteRunnerWorker.java:52)
at org.testng.SuiteRunnerWorker.run(SuiteRunnerWorker.java:84)
at org.testng.TestNG.runSuitesSequentially(TestNG.java:1208)
at org.testng.TestNG.runSuitesLocally(TestNG.java:1137)
at org.testng.TestNG.runSuites(TestNG.java:1049)
at org.testng.TestNG.run(TestNG.java:1017)
at org.testng.remote.AbstractRemoteTestNG.run(AbstractRemoteTestNG.java:115)
at org.testng.remote.RemoteTestNG.initAndRun(RemoteTestNG.java:251)
at org.testng.remote.RemoteTestNG.main(RemoteTestNG.java:77)
]]>
            </full-stacktrace>
          </exception> <!-- org.openqa.selenium.NoSuchSessionException -->
          <reporter-output>
          </reporter-output>
        </test-method> <!-- AutomationDriverExecution -->
        <test-method signature="AutomationDriverExecution(FSmokeSuit.FSmokeSuit.LoadManager)[pri:0, instance:FSmokeSuit.FSmokeSuit.AutomationDriver@2b6856dd]" started-at="2020-09-01T21:14:31Z" name="AutomationDriverExecution" data-provider="SmokeData" finished-at="2020-09-01T21:24:00Z" duration-ms="568492" status="PASS">
          <params>
            <param index="0">
              <value>
                <![CDATA[FSmokeSuit.FSmokeSuit.LoadManager@5b7013b9]]>
              </value>
            </param>
          </params>
          <reporter-output>
          </reporter-output>
        </test-method> <!-- AutomationDriverExecution -->
        <test-method signature="AutomationDriverExecution(FSmokeSuit.FSmokeSuit.LoadManager)[pri:0, instance:FSmokeSuit.FSmokeSuit.AutomationDriver@2b6856dd]" started-at="2020-09-01T21:24:00Z" name="AutomationDriverExecution" data-provider="SmokeData" finished-at="2020-09-01T21:32:56Z" duration-ms="536250" status="PASS">
          <params>
            <param index="0">
              <value>
                <![CDATA[FSmokeSuit.FSmokeSuit.LoadManager@7fa99421]]>
              </value>
            </param>
          </params>
          <reporter-output>
          </reporter-output>
        </test-method> <!-- AutomationDriverExecution -->
        <test-method signature="AutomationDriverExecution(FSmokeSuit.FSmokeSuit.LoadManager)[pri:0, instance:FSmokeSuit.FSmokeSuit.AutomationDriver@2b6856dd]" started-at="2020-09-01T21:32:56Z" name="AutomationDriverExecution" data-provider="SmokeData" finished-at="2020-09-01T21:42:02Z" duration-ms="546313" status="PASS">
          <params>
            <param index="0">
              <value>
                <![CDATA[FSmokeSuit.FSmokeSuit.LoadManager@1e09683c]]>
              </value>
            </param>
          </params>
          <reporter-output>
          </reporter-output>
        </test-method> <!-- AutomationDriverExecution -->
        <test-method signature="AutomationDriverExecution(FSmokeSuit.FSmokeSuit.LoadManager)[pri:0, instance:FSmokeSuit.FSmokeSuit.AutomationDriver@2b6856dd]" started-at="2020-09-01T21:42:02Z" name="AutomationDriverExecution" data-provider="SmokeData" finished-at="2020-09-01T21:46:08Z" duration-ms="245286" status="FAIL">
          <params>
            <param index="0">
              <value>
                <![CDATA[FSmokeSuit.FSmokeSuit.LoadManager@2d19cf20]]>
              </value>
            </param>
          </params>
          <exception class="org.openqa.selenium.NoSuchSessionException">
            <message>
              <![CDATA[invalid session id
Build info: version: '3.141.59', revision: 'e82be7d358', time: '2018-11-14T08:17:03'
System info: host: 'PMAM-0209', ip: '10.10.0.209', os.name: 'Windows 10', os.arch: 'amd64', os.version: '10.0', java.version: '13.0.2'
Driver info: org.openqa.selenium.chrome.ChromeDriver
Capabilities {acceptInsecureCerts: false, browserName: chrome, browserVersion: 84.0.4147.135, chrome: {chromedriverVersion: 83.0.4103.39 (ccbf011cb2d2b..., userDataDir: C:\Users\SIDDHA~1\AppData\L...}, goog:chromeOptions: {debuggerAddress: localhost:49387}, javascriptEnabled: true, networkConnectionEnabled: false, pageLoadStrategy: normal, platform: WINDOWS, platformName: WINDOWS, proxy: Proxy(), setWindowRect: true, strictFileInteractability: false, timeouts: {implicit: 0, pageLoad: 300000, script: 30000}, unhandledPromptBehavior: dismiss and notify, webauthn:virtualAuthenticators: true}
Session ID: 4b94f4f0f9d7d2844afd8e88b17218c8]]>
            </message>
            <full-stacktrace>
              <![CDATA[org.openqa.selenium.NoSuchSessionException: invalid session id
Build info: version: '3.141.59', revision: 'e82be7d358', time: '2018-11-14T08:17:03'
System info: host: 'PMAM-0209', ip: '10.10.0.209', os.name: 'Windows 10', os.arch: 'amd64', os.version: '10.0', java.version: '13.0.2'
Driver info: org.openqa.selenium.chrome.ChromeDriver
Capabilities {acceptInsecureCerts: false, browserName: chrome, browserVersion: 84.0.4147.135, chrome: {chromedriverVersion: 83.0.4103.39 (ccbf011cb2d2b..., userDataDir: C:\Users\SIDDHA~1\AppData\L...}, goog:chromeOptions: {debuggerAddress: localhost:49387}, javascriptEnabled: true, networkConnectionEnabled: false, pageLoadStrategy: normal, platform: WINDOWS, platformName: WINDOWS, proxy: Proxy(), setWindowRect: true, strictFileInteractability: false, timeouts: {implicit: 0, pageLoad: 300000, script: 30000}, unhandledPromptBehavior: dismiss and notify, webauthn:virtualAuthenticators: true}
Session ID: 4b94f4f0f9d7d2844afd8e88b17218c8
at java.base/jdk.internal.reflect.NativeConstructorAccessorImpl.newInstance0(Native Method)
at java.base/jdk.internal.reflect.NativeConstructorAccessorImpl.newInstance(NativeConstructorAccessorImpl.java:62)
at java.base/jdk.internal.reflect.DelegatingConstructorAccessorImpl.newInstance(DelegatingConstructorAccessorImpl.java:45)
at java.base/java.lang.reflect.Constructor.newInstanceWithCaller(Constructor.java:500)
at java.base/java.lang.reflect.Constructor.newInstance(Constructor.java:481)
at org.openqa.selenium.remote.http.W3CHttpResponseCodec.createException(W3CHttpResponseCodec.java:187)
at org.openqa.selenium.remote.http.W3CHttpResponseCodec.decode(W3CHttpResponseCodec.java:122)
at org.openqa.selenium.remote.http.W3CHttpResponseCodec.decode(W3CHttpResponseCodec.java:49)
at org.openqa.selenium.remote.HttpCommandExecutor.execute(HttpCommandExecutor.java:158)
at org.openqa.selenium.remote.service.DriverCommandExecutor.execute(DriverCommandExecutor.java:83)
at org.openqa.selenium.remote.RemoteWebDriver.execute(RemoteWebDriver.java:552)
at org.openqa.selenium.remote.RemoteWebDriver.execute(RemoteWebDriver.java:609)
at org.openqa.selenium.remote.RemoteWebDriver.close(RemoteWebDriver.java:442)
at FSmokeSuit.FSmokeSuit.AutomationDriver.AutomationDriverExecution(AutomationDriver.java:263)
at jdk.internal.reflect.GeneratedMethodAccessor6.invoke(Unknown Source)
at java.base/jdk.internal.reflect.DelegatingMethodAccessorImpl.invoke(DelegatingMethodAccessorImpl.java:43)
at java.base/java.lang.reflect.Method.invoke(Method.java:567)
at org.testng.internal.MethodInvocationHelper.invokeMethod(MethodInvocationHelper.java:124)
at org.testng.internal.Invoker.invokeMethod(Invoker.java:583)
at org.testng.internal.Invoker.invokeTestMethod(Invoker.java:719)
at org.testng.internal.Invoker.invokeTestMethods(Invoker.java:989)
at org.testng.internal.TestMethodWorker.invokeTestMethods(TestMethodWorker.java:125)
at org.testng.internal.TestMethodWorker.run(TestMethodWorker.java:109)
at org.testng.TestRunner.privateRun(TestRunner.java:648)
at org.testng.TestRunner.run(TestRunner.java:505)
at org.testng.SuiteRunner.runTest(SuiteRunner.java:455)
at org.testng.SuiteRunner.runSequentially(SuiteRunner.java:450)
at org.testng.SuiteRunner.privateRun(SuiteRunner.java:415)
at org.testng.SuiteRunner.run(SuiteRunner.java:364)
at org.testng.SuiteRunnerWorker.runSuite(SuiteRunnerWorker.java:52)
at org.testng.SuiteRunnerWorker.run(SuiteRunnerWorker.java:84)
at org.testng.TestNG.runSuitesSequentially(TestNG.java:1208)
at org.testng.TestNG.runSuitesLocally(TestNG.java:1137)
at org.testng.TestNG.runSuites(TestNG.java:1049)
at org.testng.TestNG.run(TestNG.java:1017)
at org.testng.remote.AbstractRemoteTestNG.run(AbstractRemoteTestNG.java:115)
at org.testng.remote.RemoteTestNG.initAndRun(RemoteTestNG.java:251)
at org.testng.remote.RemoteTestNG.main(RemoteTestNG.java:77)
]]>
            </full-stacktrace>
          </exception> <!-- org.openqa.selenium.NoSuchSessionException -->
          <reporter-output>
          </reporter-output>
        </test-method> <!-- AutomationDriverExecution -->
        <test-method signature="AutomationDriverExecution(FSmokeSuit.FSmokeSuit.LoadManager)[pri:0, instance:FSmokeSuit.FSmokeSuit.AutomationDriver@2b6856dd]" started-at="2020-09-01T21:46:08Z" name="AutomationDriverExecution" data-provider="SmokeData" finished-at="2020-09-01T21:54:18Z" duration-ms="490121" status="PASS">
          <params>
            <param index="0">
              <value>
                <![CDATA[FSmokeSuit.FSmokeSuit.LoadManager@4768b44e]]>
              </value>
            </param>
          </params>
          <reporter-output>
          </reporter-output>
        </test-method> <!-- AutomationDriverExecution -->
        <test-method signature="AutomationDriverExecution(FSmokeSuit.FSmokeSuit.LoadManager)[pri:0, instance:FSmokeSuit.FSmokeSuit.AutomationDriver@2b6856dd]" started-at="2020-09-01T21:54:18Z" name="AutomationDriverExecution" data-provider="SmokeData" finished-at="2020-09-01T22:03:18Z" duration-ms="539948" status="PASS">
          <params>
            <param index="0">
              <value>
                <![CDATA[FSmokeSuit.FSmokeSuit.LoadManager@cffa17e]]>
              </value>
            </param>
          </params>
          <reporter-output>
          </reporter-output>
        </test-method> <!-- AutomationDriverExecution -->
        <test-method signature="AutomationDriverExecution(FSmokeSuit.FSmokeSuit.LoadManager)[pri:0, instance:FSmokeSuit.FSmokeSuit.AutomationDriver@2b6856dd]" started-at="2020-09-01T22:03:18Z" name="AutomationDriverExecution" data-provider="SmokeData" finished-at="2020-09-01T22:11:21Z" duration-ms="483153" status="PASS">
          <params>
            <param index="0">
              <value>
                <![CDATA[FSmokeSuit.FSmokeSuit.LoadManager@2d6bc7f]]>
              </value>
            </param>
          </params>
          <reporter-output>
          </reporter-output>
        </test-method> <!-- AutomationDriverExecution -->
        <test-method signature="AutomationDriverExecution(FSmokeSuit.FSmokeSuit.LoadManager)[pri:0, instance:FSmokeSuit.FSmokeSuit.AutomationDriver@2b6856dd]" started-at="2020-09-01T22:11:21Z" name="AutomationDriverExecution" data-provider="SmokeData" finished-at="2020-09-01T22:15:21Z" duration-ms="240619" status="FAIL">
          <params>
            <param index="0">
              <value>
                <![CDATA[FSmokeSuit.FSmokeSuit.LoadManager@7618a67e]]>
              </value>
            </param>
          </params>
          <exception class="org.openqa.selenium.NoSuchSessionException">
            <message>
              <![CDATA[invalid session id
Build info: version: '3.141.59', revision: 'e82be7d358', time: '2018-11-14T08:17:03'
System info: host: 'PMAM-0209', ip: '10.10.0.209', os.name: 'Windows 10', os.arch: 'amd64', os.version: '10.0', java.version: '13.0.2'
Driver info: org.openqa.selenium.chrome.ChromeDriver
Capabilities {acceptInsecureCerts: false, browserName: chrome, browserVersion: 84.0.4147.135, chrome: {chromedriverVersion: 83.0.4103.39 (ccbf011cb2d2b..., userDataDir: C:\Users\SIDDHA~1\AppData\L...}, goog:chromeOptions: {debuggerAddress: localhost:60188}, javascriptEnabled: true, networkConnectionEnabled: false, pageLoadStrategy: normal, platform: WINDOWS, platformName: WINDOWS, proxy: Proxy(), setWindowRect: true, strictFileInteractability: false, timeouts: {implicit: 0, pageLoad: 300000, script: 30000}, unhandledPromptBehavior: dismiss and notify, webauthn:virtualAuthenticators: true}
Session ID: 2db58e60cdbb692aae518c8b8030195b]]>
            </message>
            <full-stacktrace>
              <![CDATA[org.openqa.selenium.NoSuchSessionException: invalid session id
Build info: version: '3.141.59', revision: 'e82be7d358', time: '2018-11-14T08:17:03'
System info: host: 'PMAM-0209', ip: '10.10.0.209', os.name: 'Windows 10', os.arch: 'amd64', os.version: '10.0', java.version: '13.0.2'
Driver info: org.openqa.selenium.chrome.ChromeDriver
Capabilities {acceptInsecureCerts: false, browserName: chrome, browserVersion: 84.0.4147.135, chrome: {chromedriverVersion: 83.0.4103.39 (ccbf011cb2d2b..., userDataDir: C:\Users\SIDDHA~1\AppData\L...}, goog:chromeOptions: {debuggerAddress: localhost:60188}, javascriptEnabled: true, networkConnectionEnabled: false, pageLoadStrategy: normal, platform: WINDOWS, platformName: WINDOWS, proxy: Proxy(), setWindowRect: true, strictFileInteractability: false, timeouts: {implicit: 0, pageLoad: 300000, script: 30000}, unhandledPromptBehavior: dismiss and notify, webauthn:virtualAuthenticators: true}
Session ID: 2db58e60cdbb692aae518c8b8030195b
at java.base/jdk.internal.reflect.NativeConstructorAccessorImpl.newInstance0(Native Method)
at java.base/jdk.internal.reflect.NativeConstructorAccessorImpl.newInstance(NativeConstructorAccessorImpl.java:62)
at java.base/jdk.internal.reflect.DelegatingConstructorAccessorImpl.newInstance(DelegatingConstructorAccessorImpl.java:45)
at java.base/java.lang.reflect.Constructor.newInstanceWithCaller(Constructor.java:500)
at java.base/java.lang.reflect.Constructor.newInstance(Constructor.java:481)
at org.openqa.selenium.remote.http.W3CHttpResponseCodec.createException(W3CHttpResponseCodec.java:187)
at org.openqa.selenium.remote.http.W3CHttpResponseCodec.decode(W3CHttpResponseCodec.java:122)
at org.openqa.selenium.remote.http.W3CHttpResponseCodec.decode(W3CHttpResponseCodec.java:49)
at org.openqa.selenium.remote.HttpCommandExecutor.execute(HttpCommandExecutor.java:158)
at org.openqa.selenium.remote.service.DriverCommandExecutor.execute(DriverCommandExecutor.java:83)
at org.openqa.selenium.remote.RemoteWebDriver.execute(RemoteWebDriver.java:552)
at org.openqa.selenium.remote.RemoteWebDriver.execute(RemoteWebDriver.java:609)
at org.openqa.selenium.remote.RemoteWebDriver.close(RemoteWebDriver.java:442)
at FSmokeSuit.FSmokeSuit.AutomationDriver.AutomationDriverExecution(AutomationDriver.java:263)
at jdk.internal.reflect.GeneratedMethodAccessor6.invoke(Unknown Source)
at java.base/jdk.internal.reflect.DelegatingMethodAccessorImpl.invoke(DelegatingMethodAccessorImpl.java:43)
at java.base/java.lang.reflect.Method.invoke(Method.java:567)
at org.testng.internal.MethodInvocationHelper.invokeMethod(MethodInvocationHelper.java:124)
at org.testng.internal.Invoker.invokeMethod(Invoker.java:583)
at org.testng.internal.Invoker.invokeTestMethod(Invoker.java:719)
at org.testng.internal.Invoker.invokeTestMethods(Invoker.java:989)
at org.testng.internal.TestMethodWorker.invokeTestMethods(TestMethodWorker.java:125)
at org.testng.internal.TestMethodWorker.run(TestMethodWorker.java:109)
at org.testng.TestRunner.privateRun(TestRunner.java:648)
at org.testng.TestRunner.run(TestRunner.java:505)
at org.testng.SuiteRunner.runTest(SuiteRunner.java:455)
at org.testng.SuiteRunner.runSequentially(SuiteRunner.java:450)
at org.testng.SuiteRunner.privateRun(SuiteRunner.java:415)
at org.testng.SuiteRunner.run(SuiteRunner.java:364)
at org.testng.SuiteRunnerWorker.runSuite(SuiteRunnerWorker.java:52)
at org.testng.SuiteRunnerWorker.run(SuiteRunnerWorker.java:84)
at org.testng.TestNG.runSuitesSequentially(TestNG.java:1208)
at org.testng.TestNG.runSuitesLocally(TestNG.java:1137)
at org.testng.TestNG.runSuites(TestNG.java:1049)
at org.testng.TestNG.run(TestNG.java:1017)
at org.testng.remote.AbstractRemoteTestNG.run(AbstractRemoteTestNG.java:115)
at org.testng.remote.RemoteTestNG.initAndRun(RemoteTestNG.java:251)
at org.testng.remote.RemoteTestNG.main(RemoteTestNG.java:77)
]]>
            </full-stacktrace>
          </exception> <!-- org.openqa.selenium.NoSuchSessionException -->
          <reporter-output>
          </reporter-output>
        </test-method> <!-- AutomationDriverExecution -->
        <test-method signature="AutomationDriverExecution(FSmokeSuit.FSmokeSuit.LoadManager)[pri:0, instance:FSmokeSuit.FSmokeSuit.AutomationDriver@2b6856dd]" started-at="2020-09-01T22:15:21Z" name="AutomationDriverExecution" data-provider="SmokeData" finished-at="2020-09-01T22:24:22Z" duration-ms="540847" status="PASS">
          <params>
            <param index="0">
              <value>
                <![CDATA[FSmokeSuit.FSmokeSuit.LoadManager@47d95639]]>
              </value>
            </param>
          </params>
          <reporter-output>
          </reporter-output>
        </test-method> <!-- AutomationDriverExecution -->
        <test-method signature="AutomationDriverExecution(FSmokeSuit.FSmokeSuit.LoadManager)[pri:0, instance:FSmokeSuit.FSmokeSuit.AutomationDriver@2b6856dd]" started-at="2020-09-01T22:24:22Z" name="AutomationDriverExecution" data-provider="SmokeData" finished-at="2020-09-01T22:33:30Z" duration-ms="547897" status="PASS">
          <params>
            <param index="0">
              <value>
                <![CDATA[FSmokeSuit.FSmokeSuit.LoadManager@4f3f2907]]>
              </value>
            </param>
          </params>
          <reporter-output>
          </reporter-output>
        </test-method> <!-- AutomationDriverExecution -->
        <test-method signature="AutomationDriverExecution(FSmokeSuit.FSmokeSuit.LoadManager)[pri:0, instance:FSmokeSuit.FSmokeSuit.AutomationDriver@2b6856dd]" started-at="2020-09-01T22:33:30Z" name="AutomationDriverExecution" data-provider="SmokeData" finished-at="2020-09-01T22:41:31Z" duration-ms="480745" status="PASS">
          <params>
            <param index="0">
              <value>
                <![CDATA[FSmokeSuit.FSmokeSuit.LoadManager@7aad7784]]>
              </value>
            </param>
          </params>
          <reporter-output>
          </reporter-output>
        </test-method> <!-- AutomationDriverExecution -->
        <test-method signature="AutomationDriverExecution(FSmokeSuit.FSmokeSuit.LoadManager)[pri:0, instance:FSmokeSuit.FSmokeSuit.AutomationDriver@2b6856dd]" started-at="2020-09-01T22:41:31Z" name="AutomationDriverExecution" data-provider="SmokeData" finished-at="2020-09-01T22:45:27Z" duration-ms="236247" status="FAIL">
          <params>
            <param index="0">
              <value>
                <![CDATA[FSmokeSuit.FSmokeSuit.LoadManager@5af33fb8]]>
              </value>
            </param>
          </params>
          <exception class="org.openqa.selenium.NoSuchSessionException">
            <message>
              <![CDATA[invalid session id
Build info: version: '3.141.59', revision: 'e82be7d358', time: '2018-11-14T08:17:03'
System info: host: 'PMAM-0209', ip: '10.10.0.209', os.name: 'Windows 10', os.arch: 'amd64', os.version: '10.0', java.version: '13.0.2'
Driver info: org.openqa.selenium.chrome.ChromeDriver
Capabilities {acceptInsecureCerts: false, browserName: chrome, browserVersion: 84.0.4147.135, chrome: {chromedriverVersion: 83.0.4103.39 (ccbf011cb2d2b..., userDataDir: C:\Users\SIDDHA~1\AppData\L...}, goog:chromeOptions: {debuggerAddress: localhost:60566}, javascriptEnabled: true, networkConnectionEnabled: false, pageLoadStrategy: normal, platform: WINDOWS, platformName: WINDOWS, proxy: Proxy(), setWindowRect: true, strictFileInteractability: false, timeouts: {implicit: 0, pageLoad: 300000, script: 30000}, unhandledPromptBehavior: dismiss and notify, webauthn:virtualAuthenticators: true}
Session ID: 3ca0c231840c9501d07f5522f8527491]]>
            </message>
            <full-stacktrace>
              <![CDATA[org.openqa.selenium.NoSuchSessionException: invalid session id
Build info: version: '3.141.59', revision: 'e82be7d358', time: '2018-11-14T08:17:03'
System info: host: 'PMAM-0209', ip: '10.10.0.209', os.name: 'Windows 10', os.arch: 'amd64', os.version: '10.0', java.version: '13.0.2'
Driver info: org.openqa.selenium.chrome.ChromeDriver
Capabilities {acceptInsecureCerts: false, browserName: chrome, browserVersion: 84.0.4147.135, chrome: {chromedriverVersion: 83.0.4103.39 (ccbf011cb2d2b..., userDataDir: C:\Users\SIDDHA~1\AppData\L...}, goog:chromeOptions: {debuggerAddress: localhost:60566}, javascriptEnabled: true, networkConnectionEnabled: false, pageLoadStrategy: normal, platform: WINDOWS, platformName: WINDOWS, proxy: Proxy(), setWindowRect: true, strictFileInteractability: false, timeouts: {implicit: 0, pageLoad: 300000, script: 30000}, unhandledPromptBehavior: dismiss and notify, webauthn:virtualAuthenticators: true}
Session ID: 3ca0c231840c9501d07f5522f8527491
at java.base/jdk.internal.reflect.NativeConstructorAccessorImpl.newInstance0(Native Method)
at java.base/jdk.internal.reflect.NativeConstructorAccessorImpl.newInstance(NativeConstructorAccessorImpl.java:62)
at java.base/jdk.internal.reflect.DelegatingConstructorAccessorImpl.newInstance(DelegatingConstructorAccessorImpl.java:45)
at java.base/java.lang.reflect.Constructor.newInstanceWithCaller(Constructor.java:500)
at java.base/java.lang.reflect.Constructor.newInstance(Constructor.java:481)
at org.openqa.selenium.remote.http.W3CHttpResponseCodec.createException(W3CHttpResponseCodec.java:187)
at org.openqa.selenium.remote.http.W3CHttpResponseCodec.decode(W3CHttpResponseCodec.java:122)
at org.openqa.selenium.remote.http.W3CHttpResponseCodec.decode(W3CHttpResponseCodec.java:49)
at org.openqa.selenium.remote.HttpCommandExecutor.execute(HttpCommandExecutor.java:158)
at org.openqa.selenium.remote.service.DriverCommandExecutor.execute(DriverCommandExecutor.java:83)
at org.openqa.selenium.remote.RemoteWebDriver.execute(RemoteWebDriver.java:552)
at org.openqa.selenium.remote.RemoteWebDriver.execute(RemoteWebDriver.java:609)
at org.openqa.selenium.remote.RemoteWebDriver.close(RemoteWebDriver.java:442)
at FSmokeSuit.FSmokeSuit.AutomationDriver.AutomationDriverExecution(AutomationDriver.java:263)
at jdk.internal.reflect.GeneratedMethodAccessor6.invoke(Unknown Source)
at java.base/jdk.internal.reflect.DelegatingMethodAccessorImpl.invoke(DelegatingMethodAccessorImpl.java:43)
at java.base/java.lang.reflect.Method.invoke(Method.java:567)
at org.testng.internal.MethodInvocationHelper.invokeMethod(MethodInvocationHelper.java:124)
at org.testng.internal.Invoker.invokeMethod(Invoker.java:583)
at org.testng.internal.Invoker.invokeTestMethod(Invoker.java:719)
at org.testng.internal.Invoker.invokeTestMethods(Invoker.java:989)
at org.testng.internal.TestMethodWorker.invokeTestMethods(TestMethodWorker.java:125)
at org.testng.internal.TestMethodWorker.run(TestMethodWorker.java:109)
at org.testng.TestRunner.privateRun(TestRunner.java:648)
at org.testng.TestRunner.run(TestRunner.java:505)
at org.testng.SuiteRunner.runTest(SuiteRunner.java:455)
at org.testng.SuiteRunner.runSequentially(SuiteRunner.java:450)
at org.testng.SuiteRunner.privateRun(SuiteRunner.java:415)
at org.testng.SuiteRunner.run(SuiteRunner.java:364)
at org.testng.SuiteRunnerWorker.runSuite(SuiteRunnerWorker.java:52)
at org.testng.SuiteRunnerWorker.run(SuiteRunnerWorker.java:84)
at org.testng.TestNG.runSuitesSequentially(TestNG.java:1208)
at org.testng.TestNG.runSuitesLocally(TestNG.java:1137)
at org.testng.TestNG.runSuites(TestNG.java:1049)
at org.testng.TestNG.run(TestNG.java:1017)
at org.testng.remote.AbstractRemoteTestNG.run(AbstractRemoteTestNG.java:115)
at org.testng.remote.RemoteTestNG.initAndRun(RemoteTestNG.java:251)
at org.testng.remote.RemoteTestNG.main(RemoteTestNG.java:77)
]]>
            </full-stacktrace>
          </exception> <!-- org.openqa.selenium.NoSuchSessionException -->
          <reporter-output>
          </reporter-output>
        </test-method> <!-- AutomationDriverExecution -->
        <test-method signature="AutomationDriverExecution(FSmokeSuit.FSmokeSuit.LoadManager)[pri:0, instance:FSmokeSuit.FSmokeSuit.AutomationDriver@2b6856dd]" started-at="2020-09-01T22:45:27Z" name="AutomationDriverExecution" data-provider="SmokeData" finished-at="2020-09-01T22:54:28Z" duration-ms="541016" status="PASS">
          <params>
            <param index="0">
              <value>
                <![CDATA[FSmokeSuit.FSmokeSuit.LoadManager@70418615]]>
              </value>
            </param>
          </params>
          <reporter-output>
          </reporter-output>
        </test-method> <!-- AutomationDriverExecution -->
        <test-method signature="AutomationDriverExecution(FSmokeSuit.FSmokeSuit.LoadManager)[pri:0, instance:FSmokeSuit.FSmokeSuit.AutomationDriver@2b6856dd]" started-at="2020-09-01T22:54:28Z" name="AutomationDriverExecution" data-provider="SmokeData" finished-at="2020-09-01T23:02:16Z" duration-ms="467510" status="PASS">
          <params>
            <param index="0">
              <value>
                <![CDATA[FSmokeSuit.FSmokeSuit.LoadManager@6ea8c9f1]]>
              </value>
            </param>
          </params>
          <reporter-output>
          </reporter-output>
        </test-method> <!-- AutomationDriverExecution -->
        <test-method signature="AutomationDriverExecution(FSmokeSuit.FSmokeSuit.LoadManager)[pri:0, instance:FSmokeSuit.FSmokeSuit.AutomationDriver@2b6856dd]" started-at="2020-09-01T23:02:16Z" name="AutomationDriverExecution" data-provider="SmokeData" finished-at="2020-09-01T23:11:19Z" duration-ms="542855" status="PASS">
          <params>
            <param index="0">
              <value>
                <![CDATA[FSmokeSuit.FSmokeSuit.LoadManager@615594d5]]>
              </value>
            </param>
          </params>
          <reporter-output>
          </reporter-output>
        </test-method> <!-- AutomationDriverExecution -->
        <test-method signature="AutomationDriverExecution(FSmokeSuit.FSmokeSuit.LoadManager)[pri:0, instance:FSmokeSuit.FSmokeSuit.AutomationDriver@2b6856dd]" started-at="2020-09-01T23:11:19Z" name="AutomationDriverExecution" data-provider="SmokeData" finished-at="2020-09-01T23:20:27Z" duration-ms="547951" status="PASS">
          <params>
            <param index="0">
              <value>
                <![CDATA[FSmokeSuit.FSmokeSuit.LoadManager@7c785abf]]>
              </value>
            </param>
          </params>
          <reporter-output>
          </reporter-output>
        </test-method> <!-- AutomationDriverExecution -->
        <test-method signature="AutomationDriverExecution(FSmokeSuit.FSmokeSuit.LoadManager)[pri:0, instance:FSmokeSuit.FSmokeSuit.AutomationDriver@2b6856dd]" started-at="2020-09-01T23:20:27Z" name="AutomationDriverExecution" data-provider="SmokeData" finished-at="2020-09-01T23:24:37Z" duration-ms="250183" status="FAIL">
          <params>
            <param index="0">
              <value>
                <![CDATA[FSmokeSuit.FSmokeSuit.LoadManager@59be783c]]>
              </value>
            </param>
          </params>
          <exception class="org.openqa.selenium.NoSuchSessionException">
            <message>
              <![CDATA[invalid session id
Build info: version: '3.141.59', revision: 'e82be7d358', time: '2018-11-14T08:17:03'
System info: host: 'PMAM-0209', ip: '10.10.0.209', os.name: 'Windows 10', os.arch: 'amd64', os.version: '10.0', java.version: '13.0.2'
Driver info: org.openqa.selenium.chrome.ChromeDriver
Capabilities {acceptInsecureCerts: false, browserName: chrome, browserVersion: 84.0.4147.135, chrome: {chromedriverVersion: 83.0.4103.39 (ccbf011cb2d2b..., userDataDir: C:\Users\SIDDHA~1\AppData\L...}, goog:chromeOptions: {debuggerAddress: localhost:60513}, javascriptEnabled: true, networkConnectionEnabled: false, pageLoadStrategy: normal, platform: WINDOWS, platformName: WINDOWS, proxy: Proxy(), setWindowRect: true, strictFileInteractability: false, timeouts: {implicit: 0, pageLoad: 300000, script: 30000}, unhandledPromptBehavior: dismiss and notify, webauthn:virtualAuthenticators: true}
Session ID: f88d78ca7f42d60f33799a9e5ea0881f]]>
            </message>
            <full-stacktrace>
              <![CDATA[org.openqa.selenium.NoSuchSessionException: invalid session id
Build info: version: '3.141.59', revision: 'e82be7d358', time: '2018-11-14T08:17:03'
System info: host: 'PMAM-0209', ip: '10.10.0.209', os.name: 'Windows 10', os.arch: 'amd64', os.version: '10.0', java.version: '13.0.2'
Driver info: org.openqa.selenium.chrome.ChromeDriver
Capabilities {acceptInsecureCerts: false, browserName: chrome, browserVersion: 84.0.4147.135, chrome: {chromedriverVersion: 83.0.4103.39 (ccbf011cb2d2b..., userDataDir: C:\Users\SIDDHA~1\AppData\L...}, goog:chromeOptions: {debuggerAddress: localhost:60513}, javascriptEnabled: true, networkConnectionEnabled: false, pageLoadStrategy: normal, platform: WINDOWS, platformName: WINDOWS, proxy: Proxy(), setWindowRect: true, strictFileInteractability: false, timeouts: {implicit: 0, pageLoad: 300000, script: 30000}, unhandledPromptBehavior: dismiss and notify, webauthn:virtualAuthenticators: true}
Session ID: f88d78ca7f42d60f33799a9e5ea0881f
at java.base/jdk.internal.reflect.NativeConstructorAccessorImpl.newInstance0(Native Method)
at java.base/jdk.internal.reflect.NativeConstructorAccessorImpl.newInstance(NativeConstructorAccessorImpl.java:62)
at java.base/jdk.internal.reflect.DelegatingConstructorAccessorImpl.newInstance(DelegatingConstructorAccessorImpl.java:45)
at java.base/java.lang.reflect.Constructor.newInstanceWithCaller(Constructor.java:500)
at java.base/java.lang.reflect.Constructor.newInstance(Constructor.java:481)
at org.openqa.selenium.remote.http.W3CHttpResponseCodec.createException(W3CHttpResponseCodec.java:187)
at org.openqa.selenium.remote.http.W3CHttpResponseCodec.decode(W3CHttpResponseCodec.java:122)
at org.openqa.selenium.remote.http.W3CHttpResponseCodec.decode(W3CHttpResponseCodec.java:49)
at org.openqa.selenium.remote.HttpCommandExecutor.execute(HttpCommandExecutor.java:158)
at org.openqa.selenium.remote.service.DriverCommandExecutor.execute(DriverCommandExecutor.java:83)
at org.openqa.selenium.remote.RemoteWebDriver.execute(RemoteWebDriver.java:552)
at org.openqa.selenium.remote.RemoteWebDriver.execute(RemoteWebDriver.java:609)
at org.openqa.selenium.remote.RemoteWebDriver.close(RemoteWebDriver.java:442)
at FSmokeSuit.FSmokeSuit.AutomationDriver.AutomationDriverExecution(AutomationDriver.java:263)
at jdk.internal.reflect.GeneratedMethodAccessor6.invoke(Unknown Source)
at java.base/jdk.internal.reflect.DelegatingMethodAccessorImpl.invoke(DelegatingMethodAccessorImpl.java:43)
at java.base/java.lang.reflect.Method.invoke(Method.java:567)
at org.testng.internal.MethodInvocationHelper.invokeMethod(MethodInvocationHelper.java:124)
at org.testng.internal.Invoker.invokeMethod(Invoker.java:583)
at org.testng.internal.Invoker.invokeTestMethod(Invoker.java:719)
at org.testng.internal.Invoker.invokeTestMethods(Invoker.java:989)
at org.testng.internal.TestMethodWorker.invokeTestMethods(TestMethodWorker.java:125)
at org.testng.internal.TestMethodWorker.run(TestMethodWorker.java:109)
at org.testng.TestRunner.privateRun(TestRunner.java:648)
at org.testng.TestRunner.run(TestRunner.java:505)
at org.testng.SuiteRunner.runTest(SuiteRunner.java:455)
at org.testng.SuiteRunner.runSequentially(SuiteRunner.java:450)
at org.testng.SuiteRunner.privateRun(SuiteRunner.java:415)
at org.testng.SuiteRunner.run(SuiteRunner.java:364)
at org.testng.SuiteRunnerWorker.runSuite(SuiteRunnerWorker.java:52)
at org.testng.SuiteRunnerWorker.run(SuiteRunnerWorker.java:84)
at org.testng.TestNG.runSuitesSequentially(TestNG.java:1208)
at org.testng.TestNG.runSuitesLocally(TestNG.java:1137)
at org.testng.TestNG.runSuites(TestNG.java:1049)
at org.testng.TestNG.run(TestNG.java:1017)
at org.testng.remote.AbstractRemoteTestNG.run(AbstractRemoteTestNG.java:115)
at org.testng.remote.RemoteTestNG.initAndRun(RemoteTestNG.java:251)
at org.testng.remote.RemoteTestNG.main(RemoteTestNG.java:77)
]]>
            </full-stacktrace>
          </exception> <!-- org.openqa.selenium.NoSuchSessionException -->
          <reporter-output>
          </reporter-output>
        </test-method> <!-- AutomationDriverExecution -->
        <test-method signature="AutomationDriverExecution(FSmokeSuit.FSmokeSuit.LoadManager)[pri:0, instance:FSmokeSuit.FSmokeSuit.AutomationDriver@2b6856dd]" started-at="2020-09-01T23:24:37Z" name="AutomationDriverExecution" data-provider="SmokeData" finished-at="2020-09-01T23:32:30Z" duration-ms="473477" status="PASS">
          <params>
            <param index="0">
              <value>
                <![CDATA[FSmokeSuit.FSmokeSuit.LoadManager@3620468]]>
              </value>
            </param>
          </params>
          <reporter-output>
          </reporter-output>
        </test-method> <!-- AutomationDriverExecution -->
        <test-method signature="AutomationDriverExecution(FSmokeSuit.FSmokeSuit.LoadManager)[pri:0, instance:FSmokeSuit.FSmokeSuit.AutomationDriver@2b6856dd]" started-at="2020-09-01T23:32:30Z" name="AutomationDriverExecution" data-provider="SmokeData" finished-at="2020-09-01T23:41:41Z" duration-ms="550934" status="PASS">
          <params>
            <param index="0">
              <value>
                <![CDATA[FSmokeSuit.FSmokeSuit.LoadManager@9b55f39]]>
              </value>
            </param>
          </params>
          <reporter-output>
          </reporter-output>
        </test-method> <!-- AutomationDriverExecution -->
      </class> <!-- FSmokeSuit.FSmokeSuit.AutomationDriver -->
    </test> <!-- Default test -->
  </suite> <!-- Default suite -->
</testng-results>
